INFO 2020-11-12 16:09:14,912 [autoreload.py:613] [autoreload:run_with_reloader] - Watching for file changes with StatReloader
INFO 2020-11-12 16:09:21,127 [basehttp.py:157] [basehttp:log_message] - "GET /polls/2/ HTTP/1.1" 200 375
INFO 2020-11-12 16:09:22,208 [basehttp.py:157] [basehttp:log_message] - "POST /polls/2/vote/ HTTP/1.1" 200 30
INFO 2020-11-12 16:09:32,809 [basehttp.py:157] [basehttp:log_message] - "GET /polls/1/ HTTP/1.1" 200 729
INFO 2020-11-12 16:09:34,810 [basehttp.py:157] [basehttp:log_message] - "GET /admin/polls/question/ HTTP/1.1" 200 6837
INFO 2020-11-12 16:09:34,829 [basehttp.py:157] [basehttp:log_message] - "GET /admin/jsi18n/ HTTP/1.1" 200 7732
INFO 2020-11-12 16:09:46,339 [basehttp.py:157] [basehttp:log_message] - "GET /admin/polls/choice/ HTTP/1.1" 200 7040
INFO 2020-11-12 16:09:46,359 [basehttp.py:157] [basehttp:log_message] - "GET /admin/jsi18n/ HTTP/1.1" 200 7732
INFO 2020-11-12 16:10:10,502 [autoreload.py:236] [autoreload:trigger_reload] - D:\python\sunday\polls\models.py changed, reloading.
INFO 2020-11-12 16:10:11,120 [autoreload.py:613] [autoreload:run_with_reloader] - Watching for file changes with StatReloader
INFO 2020-11-12 16:10:17,324 [basehttp.py:157] [basehttp:log_message] - "GET /admin/polls/choice/ HTTP/1.1" 200 7016
INFO 2020-11-12 16:10:24,317 [basehttp.py:157] [basehttp:log_message] - "GET /admin/jsi18n/ HTTP/1.1" 200 7732
INFO 2020-11-12 16:10:32,917 [basehttp.py:157] [basehttp:log_message] - "GET /admin/polls/choice/ HTTP/1.1" 200 7016
INFO 2020-11-12 16:10:32,940 [basehttp.py:157] [basehttp:log_message] - "GET /admin/jsi18n/ HTTP/1.1" 200 7732
INFO 2020-11-12 16:10:54,349 [basehttp.py:157] [basehttp:log_message] - "GET /admin/polls/choice/add/ HTTP/1.1" 200 7831
INFO 2020-11-12 16:10:54,373 [basehttp.py:157] [basehttp:log_message] - "GET /admin/jsi18n/ HTTP/1.1" 200 7732
INFO 2020-11-12 16:11:30,821 [basehttp.py:157] [basehttp:log_message] - "POST /admin/polls/choice/add/ HTTP/1.1" 302 0
INFO 2020-11-12 16:11:30,854 [basehttp.py:157] [basehttp:log_message] - "GET /admin/polls/choice/ HTTP/1.1" 200 7417
INFO 2020-11-12 16:11:30,880 [basehttp.py:157] [basehttp:log_message] - "GET /admin/jsi18n/ HTTP/1.1" 200 7732
INFO 2020-11-12 16:11:34,514 [basehttp.py:157] [basehttp:log_message] - "GET /admin/polls/choice/add/ HTTP/1.1" 200 7831
INFO 2020-11-12 16:11:34,531 [basehttp.py:157] [basehttp:log_message] - "GET /admin/jsi18n/ HTTP/1.1" 200 7732
INFO 2020-11-12 16:11:55,604 [basehttp.py:157] [basehttp:log_message] - "POST /admin/polls/choice/add/ HTTP/1.1" 302 0
INFO 2020-11-12 16:11:55,655 [basehttp.py:157] [basehttp:log_message] - "GET /admin/polls/choice/ HTTP/1.1" 200 7631
INFO 2020-11-12 16:11:55,682 [basehttp.py:157] [basehttp:log_message] - "GET /admin/jsi18n/ HTTP/1.1" 200 7732
INFO 2020-11-12 16:11:59,144 [basehttp.py:157] [basehttp:log_message] - "GET /admin/polls/question/ HTTP/1.1" 200 6834
INFO 2020-11-12 16:11:59,169 [basehttp.py:157] [basehttp:log_message] - "GET /admin/jsi18n/ HTTP/1.1" 200 7732
INFO 2020-11-12 16:12:00,402 [basehttp.py:157] [basehttp:log_message] - "GET /admin/polls/choice/ HTTP/1.1" 200 7435
INFO 2020-11-12 16:12:00,430 [basehttp.py:157] [basehttp:log_message] - "GET /admin/jsi18n/ HTTP/1.1" 200 7732
INFO 2020-11-12 16:13:13,445 [autoreload.py:236] [autoreload:trigger_reload] - D:\python\sunday\polls\models.py changed, reloading.
INFO 2020-11-12 16:13:14,075 [autoreload.py:613] [autoreload:run_with_reloader] - Watching for file changes with StatReloader
INFO 2020-11-12 16:18:09,820 [basehttp.py:157] [basehttp:log_message] - "GET /admin/polls/ HTTP/1.1" 200 3142
INFO 2020-11-12 16:23:53,564 [autoreload.py:236] [autoreload:trigger_reload] - D:\python\sunday\polls\views.py changed, reloading.
INFO 2020-11-12 16:23:54,175 [autoreload.py:613] [autoreload:run_with_reloader] - Watching for file changes with StatReloader
INFO 2020-11-12 16:27:15,592 [autoreload.py:236] [autoreload:trigger_reload] - D:\python\sunday\polls\views.py changed, reloading.
INFO 2020-11-12 16:27:16,246 [autoreload.py:613] [autoreload:run_with_reloader] - Watching for file changes with StatReloader
INFO 2020-11-12 16:28:29,903 [autoreload.py:236] [autoreload:trigger_reload] - D:\python\sunday\polls\views.py changed, reloading.
INFO 2020-11-12 16:28:30,516 [autoreload.py:613] [autoreload:run_with_reloader] - Watching for file changes with StatReloader
INFO 2020-11-12 16:28:57,182 [autoreload.py:236] [autoreload:trigger_reload] - D:\python\sunday\polls\views.py changed, reloading.
INFO 2020-11-12 16:28:57,790 [autoreload.py:613] [autoreload:run_with_reloader] - Watching for file changes with StatReloader
INFO 2020-11-12 16:29:53,020 [autoreload.py:236] [autoreload:trigger_reload] - D:\python\sunday\polls\views.py changed, reloading.
INFO 2020-11-12 16:29:53,618 [autoreload.py:613] [autoreload:run_with_reloader] - Watching for file changes with StatReloader
INFO 2020-11-12 16:30:49,975 [autoreload.py:236] [autoreload:trigger_reload] - D:\python\sunday\polls\urls.py changed, reloading.
INFO 2020-11-12 16:30:50,563 [autoreload.py:613] [autoreload:run_with_reloader] - Watching for file changes with StatReloader
INFO 2020-11-12 16:31:43,845 [autoreload.py:236] [autoreload:trigger_reload] - D:\python\sunday\polls\urls.py changed, reloading.
INFO 2020-11-12 16:31:44,447 [autoreload.py:613] [autoreload:run_with_reloader] - Watching for file changes with StatReloader
INFO 2020-11-12 16:32:03,978 [autoreload.py:236] [autoreload:trigger_reload] - D:\python\sunday\polls\urls.py changed, reloading.
INFO 2020-11-12 16:32:04,585 [autoreload.py:613] [autoreload:run_with_reloader] - Watching for file changes with StatReloader
INFO 2020-11-12 16:36:10,486 [autoreload.py:236] [autoreload:trigger_reload] - D:\python\sunday\polls\views.py changed, reloading.
INFO 2020-11-12 16:36:11,091 [autoreload.py:613] [autoreload:run_with_reloader] - Watching for file changes with StatReloader
INFO 2020-11-12 16:39:16,482 [autoreload.py:613] [autoreload:run_with_reloader] - Watching for file changes with StatReloader
ERROR 2020-11-12 16:39:31,431 [log.py:224] [log:log_response] - Internal Server Error: /polls/
Traceback (most recent call last):
  File "D:\python\sunday\venv\lib\site-packages\django\core\handlers\exception.py", line 47, in inner
    response = get_response(request)
  File "D:\python\sunday\venv\lib\site-packages\django\core\handlers\base.py", line 179, in _get_response
    response = wrapped_callback(request, *callback_args, **callback_kwargs)
  File "D:\python\sunday\venv\lib\site-packages\django\views\generic\base.py", line 70, in view
    return self.dispatch(request, *args, **kwargs)
  File "D:\python\sunday\venv\lib\site-packages\django\views\generic\base.py", line 98, in dispatch
    return handler(request, *args, **kwargs)
  File "D:\python\sunday\venv\lib\site-packages\django\views\generic\list.py", line 142, in get
    self.object_list = self.get_queryset()
  File "D:\python\sunday\polls\views.py", line 45, in get_queryset
    return Question.objects.order_by('-pub_date')[:5]
  File "D:\python\sunday\venv\lib\site-packages\django\db\models\manager.py", line 85, in manager_method
    return getattr(self.get_queryset(), name)(*args, **kwargs)
  File "D:\python\sunday\venv\lib\site-packages\django\db\models\query.py", line 1134, in order_by
    obj.query.add_ordering(*field_names)
  File "D:\python\sunday\venv\lib\site-packages\django\db\models\sql\query.py", line 1919, in add_ordering
    self.names_to_path(item.split(LOOKUP_SEP), self.model._meta)
  File "D:\python\sunday\venv\lib\site-packages\django\db\models\sql\query.py", line 1481, in names_to_path
    raise FieldError("Cannot resolve keyword '%s' into field. "
django.core.exceptions.FieldError: Cannot resolve keyword 'pub_date' into field. Choices are: choice, date, id, text
ERROR 2020-11-12 16:39:31,432 [basehttp.py:157] [basehttp:log_message] - "GET /polls/ HTTP/1.1" 500 98796
INFO 2020-11-12 16:40:01,670 [autoreload.py:236] [autoreload:trigger_reload] - D:\python\sunday\polls\views.py changed, reloading.
INFO 2020-11-12 16:40:02,273 [autoreload.py:613] [autoreload:run_with_reloader] - Watching for file changes with StatReloader
INFO 2020-11-12 16:40:05,582 [basehttp.py:157] [basehttp:log_message] - "GET /polls/ HTTP/1.1" 200 289
INFO 2020-11-12 16:45:08,932 [autoreload.py:236] [autoreload:trigger_reload] - D:\python\sunday\polls\views.py changed, reloading.
INFO 2020-11-12 16:45:09,534 [autoreload.py:613] [autoreload:run_with_reloader] - Watching for file changes with StatReloader
INFO 2020-11-12 16:45:55,574 [autoreload.py:236] [autoreload:trigger_reload] - D:\python\sunday\polls\views.py changed, reloading.
INFO 2020-11-12 16:45:56,193 [autoreload.py:613] [autoreload:run_with_reloader] - Watching for file changes with StatReloader
INFO 2020-11-12 16:47:57,749 [autoreload.py:236] [autoreload:trigger_reload] - D:\python\sunday\polls\views.py changed, reloading.
INFO 2020-11-12 16:47:58,352 [autoreload.py:613] [autoreload:run_with_reloader] - Watching for file changes with StatReloader
INFO 2020-11-12 16:49:14,367 [basehttp.py:157] [basehttp:log_message] - "GET /polls/2/ HTTP/1.1" 200 622
INFO 2020-11-12 16:49:28,317 [basehttp.py:157] [basehttp:log_message] - "POST /polls/2/vote/ HTTP/1.1" 302 0
INFO 2020-11-12 16:49:28,342 [basehttp.py:157] [basehttp:log_message] - "GET /polls/2/result/ HTTP/1.1" 200 875
INFO 2020-11-12 16:49:54,038 [autoreload.py:236] [autoreload:trigger_reload] - D:\python\sunday\polls\views.py changed, reloading.
INFO 2020-11-12 16:49:54,630 [autoreload.py:613] [autoreload:run_with_reloader] - Watching for file changes with StatReloader
INFO 2020-11-12 17:04:45,733 [autoreload.py:236] [autoreload:trigger_reload] - D:\python\sunday\polls\models.py changed, reloading.
