INFO 2020-11-11 15:01:03,938 [autoreload.py:613] [autoreload:run_with_reloader] - Watching for file changes with StatReloader
INFO 2020-11-11 15:01:36,835 [autoreload.py:236] [autoreload:trigger_reload] - D:\python\sunday\sunday\settings.py changed, reloading.
INFO 2020-11-11 15:01:37,474 [autoreload.py:613] [autoreload:run_with_reloader] - Watching for file changes with StatReloader
WARNING 2020-11-11 15:01:54,752 [log.py:224] [log:log_response] - Not Found: /
WARNING 2020-11-11 15:01:54,752 [basehttp.py:157] [basehttp:log_message] - "GET / HTTP/1.1" 404 2132
INFO 2020-11-11 15:02:06,608 [basehttp.py:157] [basehttp:log_message] - "GET /admin/ HTTP/1.1" 200 3309
INFO 2020-11-11 15:02:10,805 [basehttp.py:157] [basehttp:log_message] - "GET /admin/logout/ HTTP/1.1" 200 1513
INFO 2020-11-11 15:02:14,351 [basehttp.py:157] [basehttp:log_message] - "GET /admin/ HTTP/1.1" 302 0
INFO 2020-11-11 15:02:14,366 [basehttp.py:157] [basehttp:log_message] - "GET /admin/login/?next=/admin/ HTTP/1.1" 200 2198
INFO 2020-11-11 15:04:20,461 [basehttp.py:157] [basehttp:log_message] - "POST /admin/login/?next=/admin/ HTTP/1.1" 302 0
INFO 2020-11-11 15:04:20,477 [basehttp.py:157] [basehttp:log_message] - "GET /admin/ HTTP/1.1" 200 3309
INFO 2020-11-11 15:04:23,255 [basehttp.py:157] [basehttp:log_message] - "GET /admin/auth/user/add/ HTTP/1.1" 200 6858
INFO 2020-11-11 15:04:23,276 [basehttp.py:157] [basehttp:log_message] - "GET /static/admin/css/forms.css HTTP/1.1" 200 8423
INFO 2020-11-11 15:04:23,279 [basehttp.py:157] [basehttp:log_message] - "GET /admin/jsi18n/ HTTP/1.1" 200 3187
INFO 2020-11-11 15:04:23,287 [basehttp.py:157] [basehttp:log_message] - "GET /static/admin/js/jquery.init.js HTTP/1.1" 200 347
INFO 2020-11-11 15:04:23,289 [basehttp.py:157] [basehttp:log_message] - "GET /static/admin/js/admin/RelatedObjectLookups.js HTTP/1.1" 200 6078
INFO 2020-11-11 15:04:23,290 [basehttp.py:157] [basehttp:log_message] - "GET /static/admin/js/actions.js HTTP/1.1" 200 6783
INFO 2020-11-11 15:04:23,292 [basehttp.py:157] [basehttp:log_message] - "GET /static/admin/js/core.js HTTP/1.1" 200 5418
INFO 2020-11-11 15:04:23,293 [basehttp.py:157] [basehttp:log_message] - "GET /static/admin/css/widgets.css HTTP/1.1" 200 10592
INFO 2020-11-11 15:04:23,301 [basehttp.py:157] [basehttp:log_message] - "GET /static/admin/js/prepopulate_init.js HTTP/1.1" 200 492
INFO 2020-11-11 15:04:23,302 [basehttp.py:157] [basehttp:log_message] - "GET /static/admin/js/prepopulate.js HTTP/1.1" 200 1531
INFO 2020-11-11 15:04:23,306 [basehttp.py:157] [basehttp:log_message] - "GET /static/admin/js/urlify.js HTTP/1.1" 200 8632
INFO 2020-11-11 15:04:23,322 [basehttp.py:157] [basehttp:log_message] - "GET /static/admin/js/vendor/jquery/jquery.js HTTP/1.1" 200 287630
INFO 2020-11-11 15:04:23,332 [basehttp.py:157] [basehttp:log_message] - "GET /static/admin/js/vendor/xregexp/xregexp.js HTTP/1.1" 200 232381
INFO 2020-11-11 15:04:23,333 [basehttp.py:157] [basehttp:log_message] - "GET /static/admin/js/change_form.js HTTP/1.1" 200 606
INFO 2020-11-11 15:04:37,900 [basehttp.py:157] [basehttp:log_message] - "POST /admin/auth/user/add/ HTTP/1.1" 200 7189
INFO 2020-11-11 15:04:37,917 [basehttp.py:157] [basehttp:log_message] - "GET /admin/jsi18n/ HTTP/1.1" 200 3187
INFO 2020-11-11 15:08:27,442 [autoreload.py:236] [autoreload:trigger_reload] - D:\python\sunday\sunday\settings.py changed, reloading.
INFO 2020-11-11 15:08:28,056 [autoreload.py:613] [autoreload:run_with_reloader] - Watching for file changes with StatReloader
INFO 2020-11-11 15:10:48,136 [autoreload.py:236] [autoreload:trigger_reload] - D:\python\sunday\sunday\settings.py changed, reloading.
INFO 2020-11-11 15:10:48,726 [autoreload.py:613] [autoreload:run_with_reloader] - Watching for file changes with StatReloader
INFO 2020-11-11 15:12:03,350 [autoreload.py:236] [autoreload:trigger_reload] - D:\python\sunday\sunday\settings.py changed, reloading.
INFO 2020-11-11 15:12:04,021 [autoreload.py:613] [autoreload:run_with_reloader] - Watching for file changes with StatReloader
INFO 2020-11-11 15:14:29,322 [autoreload.py:236] [autoreload:trigger_reload] - D:\python\sunday\user\models.py changed, reloading.
INFO 2020-11-11 15:14:29,918 [autoreload.py:613] [autoreload:run_with_reloader] - Watching for file changes with StatReloader
INFO 2020-11-11 15:18:50,263 [autoreload.py:613] [autoreload:run_with_reloader] - Watching for file changes with StatReloader
INFO 2020-11-11 15:19:38,144 [autoreload.py:613] [autoreload:run_with_reloader] - Watching for file changes with StatReloader
INFO 2020-11-11 15:22:36,494 [autoreload.py:613] [autoreload:run_with_reloader] - Watching for file changes with StatReloader
INFO 2020-11-11 15:25:04,719 [autoreload.py:236] [autoreload:trigger_reload] - D:\python\sunday\user\models.py changed, reloading.
INFO 2020-11-11 15:25:05,308 [autoreload.py:613] [autoreload:run_with_reloader] - Watching for file changes with StatReloader
INFO 2020-11-11 15:25:33,004 [autoreload.py:236] [autoreload:trigger_reload] - D:\python\sunday\user\models.py changed, reloading.
INFO 2020-11-11 15:25:33,618 [autoreload.py:613] [autoreload:run_with_reloader] - Watching for file changes with StatReloader
INFO 2020-11-11 15:25:59,344 [autoreload.py:236] [autoreload:trigger_reload] - D:\python\sunday\user\models.py changed, reloading.
INFO 2020-11-11 15:25:59,963 [autoreload.py:613] [autoreload:run_with_reloader] - Watching for file changes with StatReloader
