INFO 2020-11-11 16:06:30,181 [autoreload.py:613] [autoreload:run_with_reloader] - Watching for file changes with StatReloader
INFO 2020-11-11 16:06:34,286 [basehttp.py:157] [basehttp:log_message] - "GET /user/login/ HTTP/1.1" 200 402
INFO 2020-11-11 16:06:37,172 [basehttp.py:157] [basehttp:log_message] - "POST /user/login/ HTTP/1.1" 200 24
INFO 2020-11-11 16:07:05,397 [basehttp.py:157] [basehttp:log_message] - "GET /admin/ HTTP/1.1" 302 0
INFO 2020-11-11 16:07:05,464 [basehttp.py:157] [basehttp:log_message] - "GET /admin/login/?next=/admin/ HTTP/1.1" 200 2198
INFO 2020-11-11 16:08:05,021 [basehttp.py:157] [basehttp:log_message] - "GET /user/login/ HTTP/1.1" 200 402
INFO 2020-11-11 16:08:07,969 [basehttp.py:157] [basehttp:log_message] - "POST /user/login/ HTTP/1.1" 302 0
INFO 2020-11-11 16:08:07,972 [basehttp.py:157] [basehttp:log_message] - "GET /index HTTP/1.1" 301 0
INFO 2020-11-11 16:08:07,974 [basehttp.py:157] [basehttp:log_message] - "GET /index/ HTTP/1.1" 200 5
INFO 2020-11-11 16:10:46,218 [autoreload.py:236] [autoreload:trigger_reload] - D:\python\sunday\user\models.py changed, reloading.
INFO 2020-11-11 16:10:46,830 [autoreload.py:613] [autoreload:run_with_reloader] - Watching for file changes with StatReloader
INFO 2020-11-11 16:11:01,315 [autoreload.py:236] [autoreload:trigger_reload] - D:\python\sunday\user\models.py changed, reloading.
INFO 2020-11-11 16:11:01,939 [autoreload.py:613] [autoreload:run_with_reloader] - Watching for file changes with StatReloader
INFO 2020-11-11 16:12:01,436 [autoreload.py:236] [autoreload:trigger_reload] - D:\python\sunday\user\models.py changed, reloading.
INFO 2020-11-11 16:12:02,020 [autoreload.py:613] [autoreload:run_with_reloader] - Watching for file changes with StatReloader
INFO 2020-11-11 16:13:01,413 [autoreload.py:236] [autoreload:trigger_reload] - D:\python\sunday\user\models.py changed, reloading.
INFO 2020-11-11 16:13:02,029 [autoreload.py:613] [autoreload:run_with_reloader] - Watching for file changes with StatReloader
INFO 2020-11-11 16:14:31,067 [autoreload.py:236] [autoreload:trigger_reload] - D:\python\sunday\user\models.py changed, reloading.
INFO 2020-11-11 16:14:31,670 [autoreload.py:613] [autoreload:run_with_reloader] - Watching for file changes with StatReloader
INFO 2020-11-11 16:18:34,437 [autoreload.py:236] [autoreload:trigger_reload] - D:\python\sunday\user\views.py changed, reloading.
INFO 2020-11-11 16:18:35,110 [autoreload.py:613] [autoreload:run_with_reloader] - Watching for file changes with StatReloader
INFO 2020-11-11 16:19:14,009 [basehttp.py:157] [basehttp:log_message] - "GET /user/register/ HTTP/1.1" 200 927
ERROR 2020-11-11 16:19:48,587 [views.py:27] [views:register] - 数据库操作失败
ERROR 2020-11-11 16:19:48,673 [log.py:224] [log:log_response] - Internal Server Error: /user/register/
Traceback (most recent call last):
  File "D:\python\sunday\venv\lib\site-packages\django\core\handlers\exception.py", line 47, in inner
    response = get_response(request)
  File "D:\python\sunday\venv\lib\site-packages\django\core\handlers\base.py", line 179, in _get_response
    response = wrapped_callback(request, *callback_args, **callback_kwargs)
  File "C:\Users\Admin\AppData\Local\Programs\Python\Python38\lib\contextlib.py", line 75, in inner
    return func(*args, **kwds)
  File "D:\python\sunday\user\views.py", line 29, in register
    raise e
  File "D:\python\sunday\user\views.py", line 25, in register
    UserInfo.objects.create(**form.cleaned_data)
  File "D:\python\sunday\venv\lib\site-packages\django\db\models\manager.py", line 85, in manager_method
    return getattr(self.get_queryset(), name)(*args, **kwargs)
  File "D:\python\sunday\venv\lib\site-packages\django\db\models\query.py", line 445, in create
    obj = self.model(**kwargs)
  File "D:\python\sunday\venv\lib\site-packages\django\db\models\base.py", line 501, in __init__
    raise TypeError("%s() got an unexpected keyword argument '%s'" % (cls.__name__, kwarg))
TypeError: UserInfo() got an unexpected keyword argument 'mail'
ERROR 2020-11-11 16:19:48,675 [basehttp.py:157] [basehttp:log_message] - "POST /user/register/ HTTP/1.1" 500 91264
INFO 2020-11-11 16:20:18,924 [autoreload.py:236] [autoreload:trigger_reload] - D:\python\sunday\user\forms.py changed, reloading.
INFO 2020-11-11 16:20:19,504 [autoreload.py:613] [autoreload:run_with_reloader] - Watching for file changes with StatReloader
INFO 2020-11-11 16:20:54,374 [autoreload.py:236] [autoreload:trigger_reload] - D:\python\sunday\user\forms.py changed, reloading.
INFO 2020-11-11 16:20:54,964 [autoreload.py:613] [autoreload:run_with_reloader] - Watching for file changes with StatReloader
INFO 2020-11-11 16:21:05,227 [basehttp.py:157] [basehttp:log_message] - "POST /user/register/ HTTP/1.1" 200 1015
INFO 2020-11-11 16:21:30,392 [basehttp.py:157] [basehttp:log_message] - "POST /user/register/ HTTP/1.1" 200 16
INFO 2020-11-11 16:22:07,868 [basehttp.py:157] [basehttp:log_message] - "GET /user/login/ HTTP/1.1" 200 402
INFO 2020-11-11 16:22:22,775 [basehttp.py:157] [basehttp:log_message] - "POST /user/login/ HTTP/1.1" 200 24
INFO 2020-11-11 16:27:56,153 [autoreload.py:236] [autoreload:trigger_reload] - D:\python\sunday\user\views.py changed, reloading.
INFO 2020-11-11 16:27:56,802 [autoreload.py:613] [autoreload:run_with_reloader] - Watching for file changes with StatReloader
INFO 2020-11-11 16:29:49,482 [autoreload.py:236] [autoreload:trigger_reload] - D:\python\sunday\user\views.py changed, reloading.
INFO 2020-11-11 16:29:50,071 [autoreload.py:613] [autoreload:run_with_reloader] - Watching for file changes with StatReloader
INFO 2020-11-11 16:29:53,880 [basehttp.py:157] [basehttp:log_message] - "GET /user/login/ HTTP/1.1" 200 402
INFO 2020-11-11 16:30:02,817 [basehttp.py:157] [basehttp:log_message] - "POST /user/login/ HTTP/1.1" 200 24
INFO 2020-11-11 16:30:04,444 [basehttp.py:157] [basehttp:log_message] - "GET /user/login/ HTTP/1.1" 200 402
INFO 2020-11-11 16:30:29,496 [basehttp.py:157] [basehttp:log_message] - "POST /user/register/ HTTP/1.1" 200 16
INFO 2020-11-11 16:30:55,161 [basehttp.py:157] [basehttp:log_message] - "GET /user/register/ HTTP/1.1" 200 929
INFO 2020-11-11 16:31:02,404 [basehttp.py:157] [basehttp:log_message] - "GET /user/login/ HTTP/1.1" 200 402
INFO 2020-11-11 16:31:09,212 [basehttp.py:157] [basehttp:log_message] - "POST /user/login/ HTTP/1.1" 302 0
INFO 2020-11-11 16:31:09,215 [basehttp.py:157] [basehttp:log_message] - "GET /index HTTP/1.1" 301 0
INFO 2020-11-11 16:31:09,217 [basehttp.py:157] [basehttp:log_message] - "GET /index/ HTTP/1.1" 200 5
INFO 2020-11-11 16:32:26,092 [autoreload.py:236] [autoreload:trigger_reload] - D:\python\sunday\user\views.py changed, reloading.
INFO 2020-11-11 16:32:26,680 [autoreload.py:613] [autoreload:run_with_reloader] - Watching for file changes with StatReloader
INFO 2020-11-11 16:32:35,024 [autoreload.py:236] [autoreload:trigger_reload] - D:\python\sunday\user\views.py changed, reloading.
INFO 2020-11-11 16:32:35,597 [autoreload.py:613] [autoreload:run_with_reloader] - Watching for file changes with StatReloader
INFO 2020-11-11 16:34:31,184 [autoreload.py:236] [autoreload:trigger_reload] - D:\python\sunday\user\views.py changed, reloading.
INFO 2020-11-11 16:34:31,756 [autoreload.py:613] [autoreload:run_with_reloader] - Watching for file changes with StatReloader
INFO 2020-11-11 16:39:09,473 [basehttp.py:157] [basehttp:log_message] - "GET /user/login/ HTTP/1.1" 200 402
INFO 2020-11-11 16:39:16,614 [basehttp.py:157] [basehttp:log_message] - "POST /user/login/ HTTP/1.1" 302 0
INFO 2020-11-11 16:39:16,617 [basehttp.py:157] [basehttp:log_message] - "GET /index HTTP/1.1" 301 0
INFO 2020-11-11 16:39:16,619 [basehttp.py:157] [basehttp:log_message] - "GET /index/ HTTP/1.1" 200 5
INFO 2020-11-11 16:41:20,982 [autoreload.py:236] [autoreload:trigger_reload] - D:\python\sunday\index\urls.py changed, reloading.
INFO 2020-11-11 16:41:21,636 [autoreload.py:613] [autoreload:run_with_reloader] - Watching for file changes with StatReloader
INFO 2020-11-11 16:41:40,220 [autoreload.py:236] [autoreload:trigger_reload] - D:\python\sunday\user\views.py changed, reloading.
INFO 2020-11-11 16:41:40,810 [autoreload.py:613] [autoreload:run_with_reloader] - Watching for file changes with StatReloader
INFO 2020-11-11 16:42:03,308 [autoreload.py:236] [autoreload:trigger_reload] - D:\python\sunday\user\views.py changed, reloading.
INFO 2020-11-11 16:42:03,929 [autoreload.py:613] [autoreload:run_with_reloader] - Watching for file changes with StatReloader
INFO 2020-11-11 16:45:13,082 [autoreload.py:236] [autoreload:trigger_reload] - D:\python\sunday\user\views.py changed, reloading.
INFO 2020-11-11 16:45:13,706 [autoreload.py:613] [autoreload:run_with_reloader] - Watching for file changes with StatReloader
INFO 2020-11-11 16:47:23,571 [autoreload.py:236] [autoreload:trigger_reload] - D:\python\sunday\user\views.py changed, reloading.
INFO 2020-11-11 16:47:24,165 [autoreload.py:613] [autoreload:run_with_reloader] - Watching for file changes with StatReloader
INFO 2020-11-11 16:47:59,197 [autoreload.py:236] [autoreload:trigger_reload] - D:\python\sunday\user\views.py changed, reloading.
INFO 2020-11-11 16:47:59,844 [autoreload.py:613] [autoreload:run_with_reloader] - Watching for file changes with StatReloader
INFO 2020-11-11 16:48:01,051 [autoreload.py:236] [autoreload:trigger_reload] - D:\python\sunday\user\views.py changed, reloading.
INFO 2020-11-11 16:48:01,613 [autoreload.py:613] [autoreload:run_with_reloader] - Watching for file changes with StatReloader
INFO 2020-11-11 16:48:22,733 [basehttp.py:157] [basehttp:log_message] - "GET /user/login/ HTTP/1.1" 200 402
WARNING 2020-11-11 16:48:25,780 [log.py:224] [log:log_response] - Not Found: /user/logout
WARNING 2020-11-11 16:48:25,780 [basehttp.py:157] [basehttp:log_message] - "GET /user/logout HTTP/1.1" 404 2397
INFO 2020-11-11 16:49:15,609 [autoreload.py:236] [autoreload:trigger_reload] - D:\python\sunday\user\urls.py changed, reloading.
INFO 2020-11-11 16:49:16,189 [autoreload.py:613] [autoreload:run_with_reloader] - Watching for file changes with StatReloader
INFO 2020-11-11 16:49:19,855 [basehttp.py:157] [basehttp:log_message] - "GET /user/logout HTTP/1.1" 301 0
INFO 2020-11-11 16:49:19,893 [basehttp.py:157] [basehttp:log_message] - "GET /user/logout/ HTTP/1.1" 200 7
INFO 2020-11-11 16:49:32,209 [basehttp.py:157] [basehttp:log_message] - "GET /index/ HTTP/1.1" 302 0
WARNING 2020-11-11 16:49:32,218 [log.py:224] [log:log_response] - Not Found: /accounts/login/
WARNING 2020-11-11 16:49:32,218 [basehttp.py:157] [basehttp:log_message] - "GET /accounts/login/?next=/index/ HTTP/1.1" 404 2208
INFO 2020-11-11 16:49:40,749 [basehttp.py:157] [basehttp:log_message] - "GET /index/ HTTP/1.1" 302 0
WARNING 2020-11-11 16:49:40,754 [log.py:224] [log:log_response] - Not Found: /accounts/login/
WARNING 2020-11-11 16:49:40,755 [basehttp.py:157] [basehttp:log_message] - "GET /accounts/login/?next=/index/ HTTP/1.1" 404 2208
INFO 2020-11-11 16:50:26,219 [basehttp.py:157] [basehttp:log_message] - "GET /user/logout/ HTTP/1.1" 200 7
INFO 2020-11-11 16:50:27,663 [basehttp.py:157] [basehttp:log_message] - "GET /user/login/ HTTP/1.1" 200 402
INFO 2020-11-11 16:50:29,135 [basehttp.py:157] [basehttp:log_message] - "GET /user/register/ HTTP/1.1" 200 929
INFO 2020-11-11 16:50:31,254 [basehttp.py:157] [basehttp:log_message] - "GET /admin/login/?next=/admin/ HTTP/1.1" 200 2198
WARNING 2020-11-11 16:50:39,033 [log.py:224] [log:log_response] - Not Found: /
WARNING 2020-11-11 16:50:39,033 [basehttp.py:157] [basehttp:log_message] - "GET / HTTP/1.1" 404 2132
INFO 2020-11-11 16:50:43,691 [basehttp.py:157] [basehttp:log_message] - "GET /index/ HTTP/1.1" 302 0
WARNING 2020-11-11 16:50:43,696 [log.py:224] [log:log_response] - Not Found: /accounts/login/
WARNING 2020-11-11 16:50:43,696 [basehttp.py:157] [basehttp:log_message] - "GET /accounts/login/?next=/index/ HTTP/1.1" 404 2208
WARNING 2020-11-11 16:50:58,654 [log.py:224] [log:log_response] - Not Found: /accounts/login
WARNING 2020-11-11 16:50:58,655 [basehttp.py:157] [basehttp:log_message] - "GET /accounts/login HTTP/1.1" 404 2192
WARNING 2020-11-11 16:51:08,472 [log.py:224] [log:log_response] - Not Found: /login
WARNING 2020-11-11 16:51:08,472 [basehttp.py:157] [basehttp:log_message] - "GET /login HTTP/1.1" 404 2165
WARNING 2020-11-11 16:51:13,798 [log.py:224] [log:log_response] - Not Found: /login/
WARNING 2020-11-11 16:51:13,798 [basehttp.py:157] [basehttp:log_message] - "GET /login/ HTTP/1.1" 404 2168
INFO 2020-11-11 16:52:02,639 [autoreload.py:236] [autoreload:trigger_reload] - D:\python\sunday\sunday\settings.py changed, reloading.
INFO 2020-11-11 16:52:03,222 [autoreload.py:613] [autoreload:run_with_reloader] - Watching for file changes with StatReloader
INFO 2020-11-11 16:52:17,713 [autoreload.py:236] [autoreload:trigger_reload] - D:\python\sunday\sunday\settings.py changed, reloading.
INFO 2020-11-11 16:52:18,345 [autoreload.py:613] [autoreload:run_with_reloader] - Watching for file changes with StatReloader
INFO 2020-11-11 16:52:23,651 [autoreload.py:236] [autoreload:trigger_reload] - D:\python\sunday\sunday\settings.py changed, reloading.
INFO 2020-11-11 16:52:24,227 [autoreload.py:613] [autoreload:run_with_reloader] - Watching for file changes with StatReloader
WARNING 2020-11-11 16:52:27,191 [log.py:224] [log:log_response] - Not Found: /login/
WARNING 2020-11-11 16:52:27,191 [basehttp.py:157] [basehttp:log_message] - "GET /login/ HTTP/1.1" 404 2168
WARNING 2020-11-11 16:52:28,038 [log.py:224] [log:log_response] - Not Found: /login/
WARNING 2020-11-11 16:52:28,039 [basehttp.py:157] [basehttp:log_message] - "GET /login/ HTTP/1.1" 404 2168
WARNING 2020-11-11 16:52:28,337 [log.py:224] [log:log_response] - Not Found: /login/
WARNING 2020-11-11 16:52:28,338 [basehttp.py:157] [basehttp:log_message] - "GET /login/ HTTP/1.1" 404 2168
WARNING 2020-11-11 16:52:28,560 [log.py:224] [log:log_response] - Not Found: /login/
WARNING 2020-11-11 16:52:28,561 [basehttp.py:157] [basehttp:log_message] - "GET /login/ HTTP/1.1" 404 2168
WARNING 2020-11-11 16:52:31,278 [log.py:224] [log:log_response] - Not Found: /login
WARNING 2020-11-11 16:52:31,278 [basehttp.py:157] [basehttp:log_message] - "GET /login HTTP/1.1" 404 2165
WARNING 2020-11-11 16:52:31,790 [log.py:224] [log:log_response] - Not Found: /login
WARNING 2020-11-11 16:52:31,791 [basehttp.py:157] [basehttp:log_message] - "GET /login HTTP/1.1" 404 2165
WARNING 2020-11-11 16:52:31,957 [log.py:224] [log:log_response] - Not Found: /login
WARNING 2020-11-11 16:52:31,958 [basehttp.py:157] [basehttp:log_message] - "GET /login HTTP/1.1" 404 2165
WARNING 2020-11-11 16:52:32,295 [log.py:224] [log:log_response] - Not Found: /login
WARNING 2020-11-11 16:52:32,295 [basehttp.py:157] [basehttp:log_message] - "GET /login HTTP/1.1" 404 2165
WARNING 2020-11-11 16:52:32,505 [log.py:224] [log:log_response] - Not Found: /login
WARNING 2020-11-11 16:52:32,505 [basehttp.py:157] [basehttp:log_message] - "GET /login HTTP/1.1" 404 2165
WARNING 2020-11-11 16:52:32,710 [log.py:224] [log:log_response] - Not Found: /login
WARNING 2020-11-11 16:52:32,711 [basehttp.py:157] [basehttp:log_message] - "GET /login HTTP/1.1" 404 2165
INFO 2020-11-11 16:52:52,144 [autoreload.py:236] [autoreload:trigger_reload] - D:\python\sunday\index\urls.py changed, reloading.
INFO 2020-11-11 16:52:52,721 [autoreload.py:613] [autoreload:run_with_reloader] - Watching for file changes with StatReloader
WARNING 2020-11-11 16:52:53,562 [log.py:224] [log:log_response] - Not Found: /login
WARNING 2020-11-11 16:52:53,563 [basehttp.py:157] [basehttp:log_message] - "GET /login HTTP/1.1" 404 2165
WARNING 2020-11-11 16:52:54,400 [log.py:224] [log:log_response] - Not Found: /login
WARNING 2020-11-11 16:52:54,400 [basehttp.py:157] [basehttp:log_message] - "GET /login HTTP/1.1" 404 2165
WARNING 2020-11-11 16:52:54,873 [log.py:224] [log:log_response] - Not Found: /login
WARNING 2020-11-11 16:52:54,874 [basehttp.py:157] [basehttp:log_message] - "GET /login HTTP/1.1" 404 2165
WARNING 2020-11-11 16:52:55,039 [log.py:224] [log:log_response] - Not Found: /login
WARNING 2020-11-11 16:52:55,039 [basehttp.py:157] [basehttp:log_message] - "GET /login HTTP/1.1" 404 2165
INFO 2020-11-11 16:53:20,543 [autoreload.py:236] [autoreload:trigger_reload] - D:\python\sunday\index\urls.py changed, reloading.
INFO 2020-11-11 16:53:21,137 [autoreload.py:613] [autoreload:run_with_reloader] - Watching for file changes with StatReloader
WARNING 2020-11-11 16:53:24,814 [log.py:224] [log:log_response] - Not Found: /login
WARNING 2020-11-11 16:53:24,814 [basehttp.py:157] [basehttp:log_message] - "GET /login HTTP/1.1" 404 2165
WARNING 2020-11-11 16:53:25,504 [log.py:224] [log:log_response] - Not Found: /login
WARNING 2020-11-11 16:53:25,505 [basehttp.py:157] [basehttp:log_message] - "GET /login HTTP/1.1" 404 2165
WARNING 2020-11-11 16:53:25,758 [log.py:224] [log:log_response] - Not Found: /login
WARNING 2020-11-11 16:53:25,758 [basehttp.py:157] [basehttp:log_message] - "GET /login HTTP/1.1" 404 2165
WARNING 2020-11-11 16:53:26,290 [log.py:224] [log:log_response] - Not Found: /login
WARNING 2020-11-11 16:53:26,291 [basehttp.py:157] [basehttp:log_message] - "GET /login HTTP/1.1" 404 2165
INFO 2020-11-11 16:53:30,656 [basehttp.py:157] [basehttp:log_message] - "GET /index/ HTTP/1.1" 200 5
INFO 2020-11-11 16:53:51,164 [autoreload.py:236] [autoreload:trigger_reload] - D:\python\sunday\index\urls.py changed, reloading.
INFO 2020-11-11 16:53:51,790 [autoreload.py:613] [autoreload:run_with_reloader] - Watching for file changes with StatReloader
INFO 2020-11-11 16:54:38,883 [autoreload.py:236] [autoreload:trigger_reload] - D:\python\sunday\index\urls.py changed, reloading.
INFO 2020-11-11 16:54:39,606 [autoreload.py:613] [autoreload:run_with_reloader] - Watching for file changes with StatReloader
INFO 2020-11-11 16:54:40,808 [basehttp.py:157] [basehttp:log_message] - "GET /index/ HTTP/1.1" 200 5
INFO 2020-11-11 16:55:27,957 [autoreload.py:236] [autoreload:trigger_reload] - D:\python\sunday\index\views.py changed, reloading.
INFO 2020-11-11 16:55:28,591 [autoreload.py:613] [autoreload:run_with_reloader] - Watching for file changes with StatReloader
INFO 2020-11-11 16:55:48,028 [autoreload.py:236] [autoreload:trigger_reload] - D:\python\sunday\index\views.py changed, reloading.
INFO 2020-11-11 16:55:48,694 [autoreload.py:613] [autoreload:run_with_reloader] - Watching for file changes with StatReloader
INFO 2020-11-11 16:56:17,556 [basehttp.py:157] [basehttp:log_message] - "GET /index/ HTTP/1.1" 302 0
INFO 2020-11-11 16:56:17,558 [basehttp.py:157] [basehttp:log_message] - "GET /user/login?next=/index/ HTTP/1.1" 301 0
INFO 2020-11-11 16:56:17,564 [basehttp.py:157] [basehttp:log_message] - "GET /user/login/?next=/index/ HTTP/1.1" 200 402
INFO 2020-11-11 16:56:21,405 [basehttp.py:157] [basehttp:log_message] - "GET /user/login/?next=/index/ HTTP/1.1" 200 402
INFO 2020-11-11 16:56:21,963 [basehttp.py:157] [basehttp:log_message] - "GET /user/login/?next=/index/ HTTP/1.1" 200 402
INFO 2020-11-11 16:56:42,421 [autoreload.py:236] [autoreload:trigger_reload] - D:\python\sunday\index\urls.py changed, reloading.
INFO 2020-11-11 16:56:43,020 [autoreload.py:613] [autoreload:run_with_reloader] - Watching for file changes with StatReloader
INFO 2020-11-11 16:56:53,381 [autoreload.py:236] [autoreload:trigger_reload] - D:\python\sunday\index\views.py changed, reloading.
INFO 2020-11-11 16:56:53,972 [autoreload.py:613] [autoreload:run_with_reloader] - Watching for file changes with StatReloader
INFO 2020-11-11 16:57:05,591 [basehttp.py:157] [basehttp:log_message] - "GET /index/ HTTP/1.1" 302 0
INFO 2020-11-11 16:57:05,601 [basehttp.py:157] [basehttp:log_message] - "GET /user/login/?next=/index/ HTTP/1.1" 200 402
INFO 2020-11-11 16:58:14,031 [autoreload.py:236] [autoreload:trigger_reload] - D:\python\sunday\index\urls.py changed, reloading.
INFO 2020-11-11 16:58:14,608 [autoreload.py:613] [autoreload:run_with_reloader] - Watching for file changes with StatReloader
INFO 2020-11-11 16:59:12,013 [autoreload.py:236] [autoreload:trigger_reload] - D:\python\sunday\index\urls.py changed, reloading.
INFO 2020-11-11 16:59:12,581 [autoreload.py:613] [autoreload:run_with_reloader] - Watching for file changes with StatReloader
INFO 2020-11-11 17:00:05,710 [basehttp.py:157] [basehttp:log_message] - "GET /admin/ HTTP/1.1" 302 0
INFO 2020-11-11 17:00:05,781 [basehttp.py:157] [basehttp:log_message] - "GET /admin/login/?next=/admin/ HTTP/1.1" 200 2198
INFO 2020-11-11 17:00:17,567 [basehttp.py:157] [basehttp:log_message] - "POST /admin/login/?next=/admin/ HTTP/1.1" 200 2358
INFO 2020-11-11 17:00:28,452 [basehttp.py:157] [basehttp:log_message] - "POST /admin/login/?next=/admin/ HTTP/1.1" 200 2358
INFO 2020-11-11 17:01:33,913 [basehttp.py:157] [basehttp:log_message] - "POST /admin/login/?next=/admin/ HTTP/1.1" 200 2358
INFO 2020-11-11 17:02:13,300 [basehttp.py:157] [basehttp:log_message] - "GET /index/ HTTP/1.1" 302 0
INFO 2020-11-11 17:02:13,306 [basehttp.py:157] [basehttp:log_message] - "GET /user/login/?next=/index/ HTTP/1.1" 200 402
INFO 2020-11-11 17:02:20,658 [basehttp.py:157] [basehttp:log_message] - "GET /user/register/ HTTP/1.1" 200 929
INFO 2020-11-11 17:02:45,414 [basehttp.py:157] [basehttp:log_message] - "POST /user/register/ HTTP/1.1" 200 16
INFO 2020-11-11 17:03:14,589 [basehttp.py:157] [basehttp:log_message] - "GET /admin/ HTTP/1.1" 302 0
INFO 2020-11-11 17:03:14,602 [basehttp.py:157] [basehttp:log_message] - "GET /admin/login/?next=/admin/ HTTP/1.1" 200 2198
INFO 2020-11-11 17:03:16,062 [basehttp.py:157] [basehttp:log_message] - "GET /admin/ HTTP/1.1" 302 0
INFO 2020-11-11 17:03:16,073 [basehttp.py:157] [basehttp:log_message] - "GET /admin/login/?next=/admin/ HTTP/1.1" 200 2198
INFO 2020-11-11 17:03:24,434 [basehttp.py:157] [basehttp:log_message] - "POST /admin/login/?next=/admin/ HTTP/1.1" 200 2358
INFO 2020-11-11 17:04:29,859 [basehttp.py:157] [basehttp:log_message] - "POST /admin/login/?next=/admin/ HTTP/1.1" 302 0
INFO 2020-11-11 17:04:29,902 [basehttp.py:157] [basehttp:log_message] - "GET /admin/ HTTP/1.1" 200 2280
INFO 2020-11-11 17:05:58,212 [autoreload.py:236] [autoreload:trigger_reload] - D:\python\sunday\sunday\settings.py changed, reloading.
