INFO 2020-11-12 10:23:23,710 [autoreload.py:613] [autoreload:run_with_reloader] - Watching for file changes with StatReloader
WARNING 2020-11-12 10:23:27,066 [log.py:224] [log:log_response] - Not Found: /
WARNING 2020-11-12 10:23:27,067 [basehttp.py:157] [basehttp:log_message] - "GET / HTTP/1.1" 404 2132
WARNING 2020-11-12 10:23:27,235 [log.py:224] [log:log_response] - Not Found: /favicon.ico
WARNING 2020-11-12 10:23:27,236 [basehttp.py:157] [basehttp:log_message] - "GET /favicon.ico HTTP/1.1" 404 2183
INFO 2020-11-12 10:23:33,242 [basehttp.py:157] [basehttp:log_message] - "GET /admin/ HTTP/1.1" 200 5882
INFO 2020-11-12 10:23:33,256 [basehttp.py:157] [basehttp:log_message] - "GET /static/admin/css/base.css HTTP/1.1" 304 0
INFO 2020-11-12 10:23:33,257 [basehttp.py:157] [basehttp:log_message] - "GET /static/admin/css/nav_sidebar.css HTTP/1.1" 304 0
INFO 2020-11-12 10:23:33,257 [basehttp.py:157] [basehttp:log_message] - "GET /static/admin/css/dashboard.css HTTP/1.1" 304 0
INFO 2020-11-12 10:23:33,259 [basehttp.py:157] [basehttp:log_message] - "GET /static/admin/css/responsive.css HTTP/1.1" 304 0
INFO 2020-11-12 10:23:33,260 [basehttp.py:157] [basehttp:log_message] - "GET /static/admin/css/fonts.css HTTP/1.1" 304 0
INFO 2020-11-12 10:23:33,260 [basehttp.py:157] [basehttp:log_message] - "GET /static/admin/js/nav_sidebar.js HTTP/1.1" 304 0
INFO 2020-11-12 10:23:33,266 [basehttp.py:157] [basehttp:log_message] - "GET /static/admin/img/icon-addlink.svg HTTP/1.1" 304 0
INFO 2020-11-12 10:23:33,267 [basehttp.py:157] [basehttp:log_message] - "GET /static/admin/img/icon-changelink.svg HTTP/1.1" 304 0
INFO 2020-11-12 10:23:33,377 [basehttp.py:157] [basehttp:log_message] - "GET /static/admin/fonts/Roboto-Bold-webfont.woff HTTP/1.1" 304 0
INFO 2020-11-12 10:23:33,381 [basehttp.py:157] [basehttp:log_message] - "GET /static/admin/fonts/Roboto-Regular-webfont.woff HTTP/1.1" 304 0
INFO 2020-11-12 10:23:33,381 [basehttp.py:157] [basehttp:log_message] - "GET /static/admin/fonts/Roboto-Light-webfont.woff HTTP/1.1" 304 0
INFO 2020-11-12 10:23:37,070 [basehttp.py:157] [basehttp:log_message] - "GET /admin/user/userinfo/ HTTP/1.1" 200 9316
INFO 2020-11-12 10:23:37,087 [basehttp.py:157] [basehttp:log_message] - "GET /static/admin/css/changelists.css HTTP/1.1" 304 0
INFO 2020-11-12 10:23:37,093 [basehttp.py:157] [basehttp:log_message] - "GET /static/admin/js/admin/RelatedObjectLookups.js HTTP/1.1" 304 0
INFO 2020-11-12 10:23:37,094 [basehttp.py:157] [basehttp:log_message] - "GET /static/admin/js/vendor/jquery/jquery.js HTTP/1.1" 304 0
INFO 2020-11-12 10:23:37,095 [basehttp.py:157] [basehttp:log_message] - "GET /static/admin/js/jquery.init.js HTTP/1.1" 304 0
INFO 2020-11-12 10:23:37,095 [basehttp.py:157] [basehttp:log_message] - "GET /static/admin/js/actions.js HTTP/1.1" 304 0
INFO 2020-11-12 10:23:37,097 [basehttp.py:157] [basehttp:log_message] - "GET /static/admin/js/vendor/xregexp/xregexp.js HTTP/1.1" 304 0
INFO 2020-11-12 10:23:37,099 [basehttp.py:157] [basehttp:log_message] - "GET /static/admin/js/core.js HTTP/1.1" 304 0
INFO 2020-11-12 10:23:37,102 [basehttp.py:157] [basehttp:log_message] - "GET /static/admin/js/prepopulate.js HTTP/1.1" 304 0
INFO 2020-11-12 10:23:37,103 [basehttp.py:157] [basehttp:log_message] - "GET /static/admin/js/urlify.js HTTP/1.1" 304 0
INFO 2020-11-12 10:23:37,108 [basehttp.py:157] [basehttp:log_message] - "GET /static/admin/img/search.svg HTTP/1.1" 304 0
INFO 2020-11-12 10:23:37,114 [basehttp.py:157] [basehttp:log_message] - "GET /admin/jsi18n/ HTTP/1.1" 200 7732
INFO 2020-11-12 10:23:37,141 [basehttp.py:157] [basehttp:log_message] - "GET /static/admin/img/tooltag-add.svg HTTP/1.1" 304 0
INFO 2020-11-12 10:23:37,142 [basehttp.py:157] [basehttp:log_message] - "GET /static/admin/img/sorting-icons.svg HTTP/1.1" 304 0
INFO 2020-11-12 10:23:42,406 [basehttp.py:157] [basehttp:log_message] - "GET /admin/user/userinfo/4/change/ HTTP/1.1" 200 15142
INFO 2020-11-12 10:23:42,422 [basehttp.py:157] [basehttp:log_message] - "GET /static/admin/js/calendar.js HTTP/1.1" 304 0
INFO 2020-11-12 10:23:42,423 [basehttp.py:157] [basehttp:log_message] - "GET /static/admin/js/SelectFilter2.js HTTP/1.1" 304 0
INFO 2020-11-12 10:23:42,423 [basehttp.py:157] [basehttp:log_message] - "GET /static/admin/js/SelectBox.js HTTP/1.1" 304 0
INFO 2020-11-12 10:23:42,423 [basehttp.py:157] [basehttp:log_message] - "GET /static/admin/js/admin/DateTimeShortcuts.js HTTP/1.1" 304 0
INFO 2020-11-12 10:23:42,424 [basehttp.py:157] [basehttp:log_message] - "GET /static/admin/css/forms.css HTTP/1.1" 304 0
INFO 2020-11-12 10:23:42,428 [basehttp.py:157] [basehttp:log_message] - "GET /admin/jsi18n/ HTTP/1.1" 200 7732
INFO 2020-11-12 10:23:42,429 [basehttp.py:157] [basehttp:log_message] - "GET /static/admin/css/widgets.css HTTP/1.1" 304 0
INFO 2020-11-12 10:23:42,431 [basehttp.py:157] [basehttp:log_message] - "GET /static/admin/js/prepopulate_init.js HTTP/1.1" 304 0
INFO 2020-11-12 10:23:42,435 [basehttp.py:157] [basehttp:log_message] - "GET /static/admin/js/change_form.js HTTP/1.1" 304 0
INFO 2020-11-12 10:23:42,486 [basehttp.py:157] [basehttp:log_message] - "GET /static/admin/img/icon-unknown.svg HTTP/1.1" 304 0
INFO 2020-11-12 10:23:42,489 [basehttp.py:157] [basehttp:log_message] - "GET /static/admin/img/selector-icons.svg HTTP/1.1" 304 0
INFO 2020-11-12 10:23:42,491 [basehttp.py:157] [basehttp:log_message] - "GET /static/admin/img/icon-unknown-alt.svg HTTP/1.1" 304 0
INFO 2020-11-12 10:23:42,491 [basehttp.py:157] [basehttp:log_message] - "GET /static/admin/img/icon-clock.svg HTTP/1.1" 304 0
INFO 2020-11-12 10:23:42,491 [basehttp.py:157] [basehttp:log_message] - "GET /static/admin/img/icon-calendar.svg HTTP/1.1" 304 0
INFO 2020-11-12 10:23:59,531 [basehttp.py:157] [basehttp:log_message] - "GET /admin/user/userinfo/ HTTP/1.1" 200 9316
INFO 2020-11-12 10:24:03,922 [basehttp.py:157] [basehttp:log_message] - "GET /admin/user/userinfo/1/change/ HTTP/1.1" 200 15218
INFO 2020-11-12 10:24:03,942 [basehttp.py:157] [basehttp:log_message] - "GET /admin/jsi18n/ HTTP/1.1" 200 7732
INFO 2020-11-12 10:24:12,806 [basehttp.py:157] [basehttp:log_message] - "GET /admin/user/userinfo/ HTTP/1.1" 200 9316
INFO 2020-11-12 10:24:14,377 [basehttp.py:157] [basehttp:log_message] - "GET /admin/user/userinfo/3/change/ HTTP/1.1" 200 15142
INFO 2020-11-12 10:24:14,398 [basehttp.py:157] [basehttp:log_message] - "GET /admin/jsi18n/ HTTP/1.1" 200 7732
INFO 2020-11-12 10:26:21,903 [basehttp.py:157] [basehttp:log_message] - "POST /admin/user/userinfo/3/change/ HTTP/1.1" 302 0
INFO 2020-11-12 10:26:21,955 [basehttp.py:157] [basehttp:log_message] - "GET /admin/user/userinfo/ HTTP/1.1" 200 9510
INFO 2020-11-12 10:26:22,013 [basehttp.py:157] [basehttp:log_message] - "GET /admin/jsi18n/ HTTP/1.1" 200 7732
INFO 2020-11-12 10:26:22,026 [basehttp.py:157] [basehttp:log_message] - "GET /static/admin/img/icon-yes.svg HTTP/1.1" 304 0
INFO 2020-11-12 10:26:35,994 [basehttp.py:157] [basehttp:log_message] - "GET /admin/auth/group/ HTTP/1.1" 200 6068
INFO 2020-11-12 10:26:36,014 [basehttp.py:157] [basehttp:log_message] - "GET /admin/jsi18n/ HTTP/1.1" 200 7732
INFO 2020-11-12 10:26:38,123 [basehttp.py:157] [basehttp:log_message] - "GET /admin/auth/group/1/change/ HTTP/1.1" 200 8045
INFO 2020-11-12 10:26:38,142 [basehttp.py:157] [basehttp:log_message] - "GET /admin/jsi18n/ HTTP/1.1" 200 7732
INFO 2020-11-12 10:26:44,474 [basehttp.py:157] [basehttp:log_message] - "GET /admin/auth/group/ HTTP/1.1" 200 6068
INFO 2020-11-12 10:26:44,494 [basehttp.py:157] [basehttp:log_message] - "GET /admin/jsi18n/ HTTP/1.1" 200 7732
INFO 2020-11-12 10:26:48,536 [basehttp.py:157] [basehttp:log_message] - "GET /admin/auth/group/1/change/ HTTP/1.1" 200 8045
INFO 2020-11-12 10:26:48,564 [basehttp.py:157] [basehttp:log_message] - "GET /admin/jsi18n/ HTTP/1.1" 200 7732
INFO 2020-11-12 11:37:43,862 [autoreload.py:236] [autoreload:trigger_reload] - D:\python\sunday\user\views.py changed, reloading.
